<?xml version="1.0" encoding="UTF-8"?>
<testsuite xmlns:xsi="http://www.w3.org/2001/XMLSchema-instance" xsi:noNamespaceSchemaLocation="https://maven.apache.org/surefire/maven-surefire-plugin/xsd/surefire-test-report-3.0.xsd" version="3.0" name="com.micro.tasks.TasksApplicationTests" time="5.562" tests="1" errors="0" skipped="0" failures="0">
  <properties>
[...]
</properties>
  <testcase name="contextLoads" classname="com.micro.tasks.TasksApplicationTests" time="0.761">
    <system-out><![CDATA[08:47:27.214 [main] INFO org.springframework.test.context.support.AnnotationConfigContextLoaderUtils -- Could not detect default configuration classes for test class [com.micro.tasks.TasksApplicationTests]: TasksApplicationTests does not declare any static, non-private, non-final, nested classes annotated with @Configuration.
08:47:27.343 [main] INFO org.springframework.boot.test.context.SpringBootTestContextBootstrapper -- Found @SpringBootConfiguration com.micro.tasks.TasksApplication for test class com.micro.tasks.TasksApplicationTests

  .   ____          _            __ _ _
 /\\ / ___'_ __ _ _(_)_ __  __ _ \ \ \ \
( ( )\___ | '_ | '_| | '_ \/ _` | \ \ \ \
 \\/  ___)| |_)| | | | | || (_| |  ) ) ) )
  '  |____| .__|_| |_|_| |_\__, | / / / /
 =========|_|==============|___/=/_/_/_/
 :: Spring Boot ::               (v3.2.10)

2024-11-10T08:47:27.887-08:00  INFO 7644 --- [TASKS] [           main] com.micro.tasks.TasksApplicationTests    : Starting TasksApplicationTests using Java 17.0.12 with PID 7644 (started by ahmed in C:\Users\ahmed\Desktop\Tasks\tasks)
2024-11-10T08:47:27.888-08:00  INFO 7644 --- [TASKS] [           main] com.micro.tasks.TasksApplicationTests    : No active profile set, falling back to 1 default profile: "default"
2024-11-10T08:47:27.932-08:00 DEBUG 7644 --- [TASKS] [           main] o.s.w.c.s.GenericWebApplicationContext   : Refreshing org.springframework.web.context.support.GenericWebApplicationContext@1968a49c
2024-11-10T08:47:28.824-08:00  INFO 7644 --- [TASKS] [           main] .s.d.r.c.RepositoryConfigurationDelegate : Bootstrapping Spring Data MongoDB repositories in DEFAULT mode.
2024-11-10T08:47:28.983-08:00  INFO 7644 --- [TASKS] [           main] .s.d.r.c.RepositoryConfigurationDelegate : Finished Spring Data repository scanning in 155 ms. Found 11 MongoDB repository interfaces.
2024-11-10T08:47:29.215-08:00  INFO 7644 --- [TASKS] [           main] o.s.cloud.context.scope.GenericScope     : BeanFactory id=f9be15bb-eef0-34c8-8668-ff349f7343b1
2024-11-10T08:47:29.339-08:00  WARN 7644 --- [TASKS] [           main] trationDelegate$BeanPostProcessorChecker : Bean 'org.springframework.cloud.client.loadbalancer.LoadBalancerAutoConfiguration$LoadBalancerInterceptorConfig' of type [org.springframework.cloud.client.loadbalancer.LoadBalancerAutoConfiguration$LoadBalancerInterceptorConfig] is not eligible for getting processed by all BeanPostProcessors (for example: not eligible for auto-proxying). The currently created BeanPostProcessor [lbRestClientPostProcessor] is declared through a non-static factory method on that class; consider declaring it as static instead.
2024-11-10T08:47:29.341-08:00  WARN 7644 --- [TASKS] [           main] trationDelegate$BeanPostProcessorChecker : Bean 'org.springframework.cloud.loadbalancer.config.BlockingLoadBalancerClientAutoConfiguration' of type [org.springframework.cloud.loadbalancer.config.BlockingLoadBalancerClientAutoConfiguration] is not eligible for getting processed by all BeanPostProcessors (for example: not eligible for auto-proxying). Is this bean getting eagerly injected into a currently created BeanPostProcessor [lbRestClientPostProcessor]? Check the corresponding BeanPostProcessor declaration and its dependencies.
2024-11-10T08:47:29.342-08:00  WARN 7644 --- [TASKS] [           main] trationDelegate$BeanPostProcessorChecker : Bean 'org.springframework.cloud.loadbalancer.config.LoadBalancerAutoConfiguration' of type [org.springframework.cloud.loadbalancer.config.LoadBalancerAutoConfiguration] is not eligible for getting processed by all BeanPostProcessors (for example: not eligible for auto-proxying). Is this bean getting eagerly injected into a currently created BeanPostProcessor [lbRestClientPostProcessor]? Check the corresponding BeanPostProcessor declaration and its dependencies.
2024-11-10T08:47:29.349-08:00  WARN 7644 --- [TASKS] [           main] trationDelegate$BeanPostProcessorChecker : Bean 'org.springframework.cloud.commons.config.CommonsConfigAutoConfiguration' of type [org.springframework.cloud.commons.config.CommonsConfigAutoConfiguration] is not eligible for getting processed by all BeanPostProcessors (for example: not eligible for auto-proxying). Is this bean getting eagerly injected into a currently created BeanPostProcessor [lbRestClientPostProcessor]? Check the corresponding BeanPostProcessor declaration and its dependencies.
2024-11-10T08:47:29.350-08:00  WARN 7644 --- [TASKS] [           main] trationDelegate$BeanPostProcessorChecker : Bean 'org.springframework.cloud.client.loadbalancer.LoadBalancerDefaultMappingsProviderAutoConfiguration' of type [org.springframework.cloud.client.loadbalancer.LoadBalancerDefaultMappingsProviderAutoConfiguration] is not eligible for getting processed by all BeanPostProcessors (for example: not eligible for auto-proxying). Is this bean getting eagerly injected into a currently created BeanPostProcessor [lbRestClientPostProcessor]? Check the corresponding BeanPostProcessor declaration and its dependencies.
2024-11-10T08:47:29.351-08:00  WARN 7644 --- [TASKS] [           main] trationDelegate$BeanPostProcessorChecker : Bean 'loadBalancerClientsDefaultsMappingsProvider' of type [org.springframework.cloud.client.loadbalancer.LoadBalancerDefaultMappingsProviderAutoConfiguration$$Lambda$928/0x0000020b5c43e9d0] is not eligible for getting processed by all BeanPostProcessors (for example: not eligible for auto-proxying). Is this bean getting eagerly injected into a currently created BeanPostProcessor [lbRestClientPostProcessor]? Check the corresponding BeanPostProcessor declaration and its dependencies.
2024-11-10T08:47:29.352-08:00  WARN 7644 --- [TASKS] [           main] trationDelegate$BeanPostProcessorChecker : Bean 'defaultsBindHandlerAdvisor' of type [org.springframework.cloud.commons.config.DefaultsBindHandlerAdvisor] is not eligible for getting processed by all BeanPostProcessors (for example: not eligible for auto-proxying). Is this bean getting eagerly injected into a currently created BeanPostProcessor [lbRestClientPostProcessor]? Check the corresponding BeanPostProcessor declaration and its dependencies.
2024-11-10T08:47:29.357-08:00  WARN 7644 --- [TASKS] [           main] trationDelegate$BeanPostProcessorChecker : Bean 'spring.cloud.loadbalancer-org.springframework.cloud.client.loadbalancer.LoadBalancerClientsProperties' of type [org.springframework.cloud.client.loadbalancer.LoadBalancerClientsProperties] is not eligible for getting processed by all BeanPostProcessors (for example: not eligible for auto-proxying). Is this bean getting eagerly injected into a currently created BeanPostProcessor [lbRestClientPostProcessor]? Check the corresponding BeanPostProcessor declaration and its dependencies.
2024-11-10T08:47:29.362-08:00  WARN 7644 --- [TASKS] [           main] trationDelegate$BeanPostProcessorChecker : Bean 'default.org.springframework.cloud.loadbalancer.config.LoadBalancerAutoConfiguration.LoadBalancerClientSpecification' of type [org.springframework.cloud.loadbalancer.annotation.LoadBalancerClientSpecification] is not eligible for getting processed by all BeanPostProcessors (for example: not eligible for auto-proxying). Is this bean getting eagerly injected into a currently created BeanPostProcessor [lbRestClientPostProcessor]? Check the corresponding BeanPostProcessor declaration and its dependencies.
2024-11-10T08:47:29.363-08:00  WARN 7644 --- [TASKS] [           main] trationDelegate$BeanPostProcessorChecker : Bean 'default.org.springframework.cloud.loadbalancer.config.BlockingLoadBalancerClientAutoConfiguration.LoadBalancerClientSpecification' of type [org.springframework.cloud.loadbalancer.annotation.LoadBalancerClientSpecification] is not eligible for getting processed by all BeanPostProcessors (for example: not eligible for auto-proxying). Is this bean getting eagerly injected into a currently created BeanPostProcessor [lbRestClientPostProcessor]? Check the corresponding BeanPostProcessor declaration and its dependencies.
2024-11-10T08:47:29.363-08:00  WARN 7644 --- [TASKS] [           main] trationDelegate$BeanPostProcessorChecker : Bean 'default.org.springframework.cloud.netflix.eureka.loadbalancer.LoadBalancerEurekaAutoConfiguration.LoadBalancerClientSpecification' of type [org.springframework.cloud.loadbalancer.annotation.LoadBalancerClientSpecification] is not eligible for getting processed by all BeanPostProcessors (for example: not eligible for auto-proxying). Is this bean getting eagerly injected into a currently created BeanPostProcessor [lbRestClientPostProcessor]? Check the corresponding BeanPostProcessor declaration and its dependencies.
2024-11-10T08:47:29.365-08:00  WARN 7644 --- [TASKS] [           main] trationDelegate$BeanPostProcessorChecker : Bean 'loadBalancerClientFactory' of type [org.springframework.cloud.loadbalancer.support.LoadBalancerClientFactory] is not eligible for getting processed by all BeanPostProcessors (for example: not eligible for auto-proxying). Is this bean getting eagerly injected into a currently created BeanPostProcessor [lbRestClientPostProcessor]? Check the corresponding BeanPostProcessor declaration and its dependencies.
2024-11-10T08:47:29.367-08:00  WARN 7644 --- [TASKS] [           main] trationDelegate$BeanPostProcessorChecker : Bean 'blockingLoadBalancerClient' of type [org.springframework.cloud.loadbalancer.blocking.client.BlockingLoadBalancerClient] is not eligible for getting processed by all BeanPostProcessors (for example: not eligible for auto-proxying). Is this bean getting eagerly injected into a currently created BeanPostProcessor [lbRestClientPostProcessor]? Check the corresponding BeanPostProcessor declaration and its dependencies.
2024-11-10T08:47:29.373-08:00  WARN 7644 --- [TASKS] [           main] trationDelegate$BeanPostProcessorChecker : Bean 'loadBalancerServiceInstanceCookieTransformer' of type [org.springframework.cloud.loadbalancer.core.LoadBalancerServiceInstanceCookieTransformer] is not eligible for getting processed by all BeanPostProcessors (for example: not eligible for auto-proxying). Is this bean getting eagerly injected into a currently created BeanPostProcessor [lbRestClientPostProcessor]? Check the corresponding BeanPostProcessor declaration and its dependencies.
2024-11-10T08:47:29.374-08:00  WARN 7644 --- [TASKS] [           main] trationDelegate$BeanPostProcessorChecker : Bean 'xForwarderHeadersTransformer' of type [org.springframework.cloud.loadbalancer.blocking.XForwardedHeadersTransformer] is not eligible for getting processed by all BeanPostProcessors (for example: not eligible for auto-proxying). Is this bean getting eagerly injected into a currently created BeanPostProcessor [lbRestClientPostProcessor]? Check the corresponding BeanPostProcessor declaration and its dependencies.
2024-11-10T08:47:29.374-08:00  WARN 7644 --- [TASKS] [           main] trationDelegate$BeanPostProcessorChecker : Bean 'org.springframework.cloud.client.loadbalancer.LoadBalancerAutoConfiguration' of type [org.springframework.cloud.client.loadbalancer.LoadBalancerAutoConfiguration] is not eligible for getting processed by all BeanPostProcessors (for example: not eligible for auto-proxying). Is this bean getting eagerly injected into a currently created BeanPostProcessor [lbRestClientPostProcessor]? Check the corresponding BeanPostProcessor declaration and its dependencies.
2024-11-10T08:47:29.375-08:00  WARN 7644 --- [TASKS] [           main] trationDelegate$BeanPostProcessorChecker : Bean 'loadBalancerRequestFactory' of type [org.springframework.cloud.client.loadbalancer.LoadBalancerRequestFactory] is not eligible for getting processed by all BeanPostProcessors (for example: not eligible for auto-proxying). Is this bean getting eagerly injected into a currently created BeanPostProcessor [lbRestClientPostProcessor]? Check the corresponding BeanPostProcessor declaration and its dependencies.
2024-11-10T08:47:29.376-08:00  WARN 7644 --- [TASKS] [           main] trationDelegate$BeanPostProcessorChecker : Bean 'loadBalancerInterceptor' of type [org.springframework.cloud.client.loadbalancer.LoadBalancerInterceptor] is not eligible for getting processed by all BeanPostProcessors (for example: not eligible for auto-proxying). Is this bean getting eagerly injected into a currently created BeanPostProcessor [lbRestClientPostProcessor]? Check the corresponding BeanPostProcessor declaration and its dependencies.
2024-11-10T08:47:29.664-08:00  INFO 7644 --- [TASKS] [           main] org.mongodb.driver.client                : MongoClient with metadata {"driver": {"name": "mongo-java-driver|sync|spring-boot", "version": "4.11.4"}, "os": {"type": "Windows", "name": "Windows 10", "architecture": "amd64", "version": "10.0"}, "platform": "Java/Amazon.com Inc./17.0.12+7-LTS"} created with settings MongoClientSettings{readPreference=primary, writeConcern=WriteConcern{w=null, wTimeout=null ms, journal=null}, retryWrites=true, retryReads=true, readConcern=ReadConcern{level=null}, credential=null, transportSettings=null, streamFactoryFactory=null, commandListeners=[io.micrometer.core.instrument.binder.mongodb.MongoMetricsCommandListener@63485d7], codecRegistry=ProvidersCodecRegistry{codecProviders=[ValueCodecProvider{}, BsonValueCodecProvider{}, DBRefCodecProvider{}, DBObjectCodecProvider{}, DocumentCodecProvider{}, CollectionCodecProvider{}, IterableCodecProvider{}, MapCodecProvider{}, GeoJsonCodecProvider{}, GridFSFileCodecProvider{}, Jsr310CodecProvider{}, JsonObjectCodecProvider{}, BsonCodecProvider{}, EnumCodecProvider{}, com.mongodb.client.model.mql.ExpressionCodecProvider@23ea8830, com.mongodb.Jep395RecordCodecProvider@59a09be, com.mongodb.KotlinCodecProvider@790ac3e0]}, loggerSettings=LoggerSettings{maxDocumentLength=1000}, clusterSettings={hosts=[localhost:27017], srvServiceName=mongodb, mode=SINGLE, requiredClusterType=UNKNOWN, requiredReplicaSetName='null', serverSelector='null', clusterListeners='[]', serverSelectionTimeout='30000 ms', localThreshold='15 ms'}, socketSettings=SocketSettings{connectTimeoutMS=10000, readTimeoutMS=0, receiveBufferSize=0, proxySettings=ProxySettings{host=null, port=null, username=null, password=null}}, heartbeatSocketSettings=SocketSettings{connectTimeoutMS=10000, readTimeoutMS=10000, receiveBufferSize=0, proxySettings=ProxySettings{host=null, port=null, username=null, password=null}}, connectionPoolSettings=ConnectionPoolSettings{maxSize=100, minSize=0, maxWaitTimeMS=120000, maxConnectionLifeTimeMS=0, maxConnectionIdleTimeMS=0, maintenanceInitialDelayMS=0, maintenanceFrequencyMS=60000, connectionPoolListeners=[io.micrometer.core.instrument.binder.mongodb.MongoMetricsConnectionPoolListener@5bb2fb2b], maxConnecting=2}, serverSettings=ServerSettings{heartbeatFrequencyMS=10000, minHeartbeatFrequencyMS=500, serverListeners='[]', serverMonitorListeners='[]'}, sslSettings=SslSettings{enabled=false, invalidHostNameAllowed=false, context=null}, applicationName='null', compressorList=[], uuidRepresentation=JAVA_LEGACY, serverApi=null, autoEncryptionSettings=null, dnsClient=null, inetAddressResolver=null, contextProvider=null}
2024-11-10T08:47:29.696-08:00  INFO 7644 --- [TASKS] [localhost:27017] org.mongodb.driver.cluster               : Monitor thread successfully connected to server with description ServerDescription{address=localhost:27017, type=STANDALONE, state=CONNECTED, ok=true, minWireVersion=0, maxWireVersion=25, maxDocumentSize=16777216, logicalSessionTimeoutMinutes=30, roundTripTimeNanos=30022500}
2024-11-10T08:47:30.249-08:00 TRACE 7644 --- [TASKS] [           main] o.s.w.s.s.s.WebSocketHandlerMapping      : Mapped [/websocket] onto org.springframework.web.socket.server.support.WebSocketHttpRequestHandler@70439c3
2024-11-10T08:47:30.249-08:00 DEBUG 7644 --- [TASKS] [           main] o.s.w.s.s.s.WebSocketHandlerMapping      : Patterns [/websocket] in 'stompWebSocketHandlerMapping'
2024-11-10T08:47:30.279-08:00 TRACE 7644 --- [TASKS] [           main] .WebSocketAnnotationMethodMessageHandler : Looking for @MessageExceptionHandler mappings: org.springframework.web.context.support.GenericWebApplicationContext@1968a49c, started on Sun Nov 10 08:47:27 PST 2024
2024-11-10T08:47:30.291-08:00 DEBUG 7644 --- [TASKS] [           main] .WebSocketAnnotationMethodMessageHandler : 
	c.m.t.C.ChatController:
	{[MESSAGE],[/add_new_chat]}: handleMessage(ChatMessageModel)
2024-11-10T08:47:30.294-08:00 DEBUG 7644 --- [TASKS] [           main] .WebSocketAnnotationMethodMessageHandler : 
	c.m.t.C.MonitoringNoteController:
	
2024-11-10T08:47:30.294-08:00 DEBUG 7644 --- [TASKS] [           main] .WebSocketAnnotationMethodMessageHandler : 
	c.m.t.C.NotificationController:
	
2024-11-10T08:47:30.294-08:00 DEBUG 7644 --- [TASKS] [           main] .WebSocketAnnotationMethodMessageHandler : 
	c.m.t.C.TaskController:
	
2024-11-10T08:47:30.295-08:00 DEBUG 7644 --- [TASKS] [           main] .WebSocketAnnotationMethodMessageHandler : 
	c.m.t.C.TaskMonitoringController:
	
2024-11-10T08:47:30.295-08:00 DEBUG 7644 --- [TASKS] [           main] .WebSocketAnnotationMethodMessageHandler : 
	c.m.t.C.TurnInController:
	
2024-11-10T08:47:30.295-08:00 DEBUG 7644 --- [TASKS] [           main] .WebSocketAnnotationMethodMessageHandler : 
	c.m.t.C.UserController:
	
2024-11-10T08:47:30.300-08:00 DEBUG 7644 --- [TASKS] [           main] .WebSocketAnnotationMethodMessageHandler : 
	o.s.b.a.w.s.e.BasicErrorController:
	
2024-11-10T08:47:30.474-08:00 DEBUG 7644 --- [TASKS] [           main] s.w.s.m.m.a.RequestMappingHandlerMapping : 23 mappings in 'requestMappingHandlerMapping'
2024-11-10T08:47:30.529-08:00 DEBUG 7644 --- [TASKS] [           main] o.s.w.s.handler.SimpleUrlHandlerMapping  : Patterns [/webjars/**, /**] in 'resourceHandlerMapping'
2024-11-10T08:47:30.565-08:00 DEBUG 7644 --- [TASKS] [           main] s.w.s.m.m.a.RequestMappingHandlerAdapter : ControllerAdvice beans: 0 @ModelAttribute, 0 @InitBinder, 1 RequestBodyAdvice, 1 ResponseBodyAdvice
2024-11-10T08:47:30.605-08:00 DEBUG 7644 --- [TASKS] [           main] .m.m.a.ExceptionHandlerExceptionResolver : ControllerAdvice beans: 0 @ExceptionHandler, 1 ResponseBodyAdvice
2024-11-10T08:47:31.134-08:00  INFO 7644 --- [TASKS] [           main] DiscoveryClientOptionalArgsConfiguration : Eureka HTTP Client uses RestTemplate.
2024-11-10T08:47:31.159-08:00  WARN 7644 --- [TASKS] [           main] iguration$LoadBalancerCaffeineWarnLogger : Spring Cloud LoadBalancer is currently working with the default cache. While this cache implementation is useful for development and tests, it's recommended to use Caffeine cache in production.You can switch to using Caffeine cache, by adding it and org.springframework.cache.caffeine.CaffeineCacheManager to the classpath.
2024-11-10T08:47:31.169-08:00  INFO 7644 --- [TASKS] [           main] o.s.b.a.e.web.EndpointLinksResolver      : Exposing 16 endpoint(s) beneath base path '/actuator'
2024-11-10T08:47:31.226-08:00  INFO 7644 --- [TASKS] [           main] o.s.c.n.eureka.InstanceInfoFactory       : Setting initial instance status as: STARTING
2024-11-10T08:47:31.296-08:00  INFO 7644 --- [TASKS] [           main] com.netflix.discovery.DiscoveryClient    : Initializing Eureka in region us-east-1
2024-11-10T08:47:31.304-08:00  INFO 7644 --- [TASKS] [           main] c.n.d.s.r.aws.ConfigClusterResolver      : Resolving eureka endpoints via configuration
2024-11-10T08:47:31.328-08:00  INFO 7644 --- [TASKS] [           main] com.netflix.discovery.DiscoveryClient    : Disable delta property : false
2024-11-10T08:47:31.328-08:00  INFO 7644 --- [TASKS] [           main] com.netflix.discovery.DiscoveryClient    : Single vip registry refresh property : null
2024-11-10T08:47:31.328-08:00  INFO 7644 --- [TASKS] [           main] com.netflix.discovery.DiscoveryClient    : Force full registry fetch : false
2024-11-10T08:47:31.328-08:00  INFO 7644 --- [TASKS] [           main] com.netflix.discovery.DiscoveryClient    : Application is null : false
2024-11-10T08:47:31.328-08:00  INFO 7644 --- [TASKS] [           main] com.netflix.discovery.DiscoveryClient    : Registered Applications size is zero : true
2024-11-10T08:47:31.328-08:00  INFO 7644 --- [TASKS] [           main] com.netflix.discovery.DiscoveryClient    : Application version is -1: true
2024-11-10T08:47:31.328-08:00  INFO 7644 --- [TASKS] [           main] com.netflix.discovery.DiscoveryClient    : Getting all instance registry info from the eureka server
2024-11-10T08:47:31.535-08:00 DEBUG 7644 --- [TASKS] [           main] o.s.web.client.RestTemplate              : HTTP GET http://localhost:8761/eureka/apps/
2024-11-10T08:47:31.611-08:00 DEBUG 7644 --- [TASKS] [           main] o.s.web.client.RestTemplate              : Accept=[application/json, application/*+json]
2024-11-10T08:47:31.664-08:00 DEBUG 7644 --- [TASKS] [           main] o.s.web.client.RestTemplate              : Response 200 OK
2024-11-10T08:47:31.667-08:00 DEBUG 7644 --- [TASKS] [           main] o.s.web.client.RestTemplate              : Reading to [org.springframework.cloud.netflix.eureka.http.EurekaApplications]
2024-11-10T08:47:31.692-08:00  INFO 7644 --- [TASKS] [           main] com.netflix.discovery.DiscoveryClient    : The response status is 200
2024-11-10T08:47:31.694-08:00  INFO 7644 --- [TASKS] [           main] com.netflix.discovery.DiscoveryClient    : Starting heartbeat executor: renew interval is: 30
2024-11-10T08:47:31.696-08:00  INFO 7644 --- [TASKS] [           main] c.n.discovery.InstanceInfoReplicator     : InstanceInfoReplicator onDemand update allowed rate per min is 4
2024-11-10T08:47:31.700-08:00  INFO 7644 --- [TASKS] [           main] com.netflix.discovery.DiscoveryClient    : Discovery Client initialized at timestamp 1731257251699 with initial instances count: 4
2024-11-10T08:47:31.703-08:00  INFO 7644 --- [TASKS] [           main] o.s.c.n.e.s.EurekaServiceRegistry        : Registering application TASKS with eureka with status UP
2024-11-10T08:47:31.703-08:00  INFO 7644 --- [TASKS] [           main] com.netflix.discovery.DiscoveryClient    : Saw local status change event StatusChangeEvent [timestamp=1731257251703, current=UP, previous=STARTING]
2024-11-10T08:47:31.704-08:00  INFO 7644 --- [TASKS] [nfoReplicator-0] com.netflix.discovery.DiscoveryClient    : DiscoveryClient_TASKS/host.docker.internal:TASKS:8081: registering service...
2024-11-10T08:47:31.705-08:00 DEBUG 7644 --- [TASKS] [           main] o.s.m.s.ExecutorSubscribableChannel      : clientOutboundChannel added SubProtocolWebSocketHandler[StompSubProtocolHandler[v10.stomp, v11.stomp, v12.stomp]]
2024-11-10T08:47:31.706-08:00 DEBUG 7644 --- [TASKS] [           main] o.s.m.s.ExecutorSubscribableChannel      : clientInboundChannel added WebSocketAnnotationMethodMessageHandler[prefixes=[/app/]]
2024-11-10T08:47:31.708-08:00 DEBUG 7644 --- [TASKS] [nfoReplicator-0] o.s.web.client.RestTemplate              : HTTP POST http://localhost:8761/eureka/apps/TASKS
2024-11-10T08:47:31.708-08:00  INFO 7644 --- [TASKS] [           main] o.s.m.s.b.SimpleBrokerMessageHandler     : Starting...
2024-11-10T08:47:31.709-08:00 DEBUG 7644 --- [TASKS] [           main] o.s.m.s.ExecutorSubscribableChannel      : clientInboundChannel added SimpleBrokerMessageHandler [org.springframework.messaging.simp.broker.DefaultSubscriptionRegistry@7b6b99c5]
2024-11-10T08:47:31.709-08:00 DEBUG 7644 --- [TASKS] [           main] o.s.m.s.ExecutorSubscribableChannel      : brokerChannel added SimpleBrokerMessageHandler [org.springframework.messaging.simp.broker.DefaultSubscriptionRegistry@7b6b99c5]
2024-11-10T08:47:31.710-08:00  INFO 7644 --- [TASKS] [           main] o.s.m.s.b.SimpleBrokerMessageHandler     : BrokerAvailabilityEvent[available=true, SimpleBrokerMessageHandler [org.springframework.messaging.simp.broker.DefaultSubscriptionRegistry@7b6b99c5]]
2024-11-10T08:47:31.710-08:00  INFO 7644 --- [TASKS] [           main] o.s.m.s.b.SimpleBrokerMessageHandler     : Started.
2024-11-10T08:47:31.710-08:00 DEBUG 7644 --- [TASKS] [           main] o.s.m.s.ExecutorSubscribableChannel      : clientInboundChannel added UserDestinationMessageHandler[DefaultUserDestinationResolver[prefix=/user/]]
2024-11-10T08:47:31.711-08:00 DEBUG 7644 --- [TASKS] [           main] o.s.m.s.ExecutorSubscribableChannel      : brokerChannel added UserDestinationMessageHandler[DefaultUserDestinationResolver[prefix=/user/]]
2024-11-10T08:47:31.711-08:00 DEBUG 7644 --- [TASKS] [nfoReplicator-0] o.s.web.client.RestTemplate              : Accept=[application/json, application/*+json]
2024-11-10T08:47:31.725-08:00  INFO 7644 --- [TASKS] [           main] com.micro.tasks.TasksApplicationTests    : Started TasksApplicationTests in 4.22 seconds (process running for 5.254)
2024-11-10T08:47:31.728-08:00 DEBUG 7644 --- [TASKS] [nfoReplicator-0] o.s.web.client.RestTemplate              : Writing [InstanceInfo [instanceId = host.docker.internal:TASKS:8081, appName = TASKS, hostName = host.docker.internal, status = UP, ipAddr = 192.168.155.155, port = 8081, securePort = 443, dataCenterInfo = com.netflix.appinfo.MyDataCenterInfo@445545b5] as "application/json"
2024-11-10T08:47:31.746-08:00 DEBUG 7644 --- [TASKS] [nfoReplicator-0] o.s.web.client.RestTemplate              : Response 204 NO_CONTENT
2024-11-10T08:47:31.746-08:00  INFO 7644 --- [TASKS] [nfoReplicator-0] com.netflix.discovery.DiscoveryClient    : DiscoveryClient_TASKS/host.docker.internal:TASKS:8081 - registration status: 204
]]></system-out>
  </testcase>
</testsuite>