<?xml version="1.0" encoding="UTF-8"?>
<testsuite xmlns:xsi="http://www.w3.org/2001/XMLSchema-instance" xsi:noNamespaceSchemaLocation="https://maven.apache.org/surefire/maven-surefire-plugin/xsd/surefire-test-report-3.0.xsd" version="3.0" name="com.defence.DefenceApplicationTests" time="7.734" tests="1" errors="0" skipped="0" failures="0">
  <properties>
[...]
</properties>
  <testcase name="contextLoads" classname="com.defence.DefenceApplicationTests" time="0.513">
    <system-out><![CDATA[11:14:05.158 [main] INFO org.springframework.test.context.support.AnnotationConfigContextLoaderUtils -- Could not detect default configuration classes for test class [com.defence.DefenceApplicationTests]: DefenceApplicationTests does not declare any static, non-private, non-final, nested classes annotated with @Configuration.
11:14:05.275 [main] INFO org.springframework.boot.test.context.SpringBootTestContextBootstrapper -- Found @SpringBootConfiguration com.defence.DefenceApplication for test class com.defence.DefenceApplicationTests

  .   ____          _            __ _ _
 /\\ / ___'_ __ _ _(_)_ __  __ _ \ \ \ \
( ( )\___ | '_ | '_| | '_ \/ _` | \ \ \ \
 \\/  ___)| |_)| | | | | || (_| |  ) ) ) )
  '  |____| .__|_| |_|_| |_\__, | / / / /
 =========|_|==============|___/=/_/_/_/

 :: Spring Boot ::                (v3.3.5)

2024-11-10T11:14:05.808-08:00  INFO 19160 --- [defence] [           main] com.defence.DefenceApplicationTests      : Starting DefenceApplicationTests using Java 17.0.12 with PID 19160 (started by ahmed in C:\Users\ahmed\Desktop\Tasks\defence)
2024-11-10T11:14:05.810-08:00  INFO 19160 --- [defence] [           main] com.defence.DefenceApplicationTests      : No active profile set, falling back to 1 default profile: "default"
2024-11-10T11:14:06.772-08:00  INFO 19160 --- [defence] [           main] .s.d.r.c.RepositoryConfigurationDelegate : Bootstrapping Spring Data JPA repositories in DEFAULT mode.
2024-11-10T11:14:06.888-08:00  INFO 19160 --- [defence] [           main] .s.d.r.c.RepositoryConfigurationDelegate : Finished Spring Data repository scanning in 110 ms. Found 1 JPA repository interface.
2024-11-10T11:14:07.162-08:00  INFO 19160 --- [defence] [           main] o.s.cloud.context.scope.GenericScope     : BeanFactory id=ac98b9b5-dd67-39d7-a9c3-4227e14366c2
2024-11-10T11:14:07.478-08:00  WARN 19160 --- [defence] [           main] trationDelegate$BeanPostProcessorChecker : Bean 'org.springframework.cloud.client.loadbalancer.LoadBalancerAutoConfiguration$DeferringLoadBalancerInterceptorConfig' of type [org.springframework.cloud.client.loadbalancer.LoadBalancerAutoConfiguration$DeferringLoadBalancerInterceptorConfig] is not eligible for getting processed by all BeanPostProcessors (for example: not eligible for auto-proxying). The currently created BeanPostProcessor [lbRestClientPostProcessor] is declared through a non-static factory method on that class; consider declaring it as static instead.
2024-11-10T11:14:07.481-08:00  WARN 19160 --- [defence] [           main] trationDelegate$BeanPostProcessorChecker : Bean 'deferringLoadBalancerInterceptor' of type [org.springframework.cloud.client.loadbalancer.DeferringLoadBalancerInterceptor] is not eligible for getting processed by all BeanPostProcessors (for example: not eligible for auto-proxying). Is this bean getting eagerly injected/applied to a currently created BeanPostProcessor [lbRestClientPostProcessor]? Check the corresponding BeanPostProcessor declaration and its dependencies/advisors. If this bean does not have to be post-processed, declare it with ROLE_INFRASTRUCTURE.
2024-11-10T11:14:07.483-08:00  WARN 19160 --- [defence] [           main] trationDelegate$BeanPostProcessorChecker : Bean 'org.springframework.cloud.client.loadbalancer.reactive.LoadBalancerBeanPostProcessorAutoConfiguration' of type [org.springframework.cloud.client.loadbalancer.reactive.LoadBalancerBeanPostProcessorAutoConfiguration] is not eligible for getting processed by all BeanPostProcessors (for example: not eligible for auto-proxying). The currently created BeanPostProcessor [loadBalancerWebClientBuilderBeanPostProcessor] is declared through a non-static factory method on that class; consider declaring it as static instead.
2024-11-10T11:14:07.492-08:00  WARN 19160 --- [defence] [           main] trationDelegate$BeanPostProcessorChecker : Bean 'org.springframework.cloud.client.loadbalancer.reactive.LoadBalancerBeanPostProcessorAutoConfiguration$ReactorDeferringLoadBalancerFilterConfig' of type [org.springframework.cloud.client.loadbalancer.reactive.LoadBalancerBeanPostProcessorAutoConfiguration$ReactorDeferringLoadBalancerFilterConfig] is not eligible for getting processed by all BeanPostProcessors (for example: not eligible for auto-proxying). Is this bean getting eagerly injected/applied to a currently created BeanPostProcessor [loadBalancerWebClientBuilderBeanPostProcessor]? Check the corresponding BeanPostProcessor declaration and its dependencies/advisors. If this bean does not have to be post-processed, declare it with ROLE_INFRASTRUCTURE.
2024-11-10T11:14:07.494-08:00  WARN 19160 --- [defence] [           main] trationDelegate$BeanPostProcessorChecker : Bean 'reactorDeferringLoadBalancerExchangeFilterFunction' of type [org.springframework.cloud.client.loadbalancer.reactive.DeferringLoadBalancerExchangeFilterFunction] is not eligible for getting processed by all BeanPostProcessors (for example: not eligible for auto-proxying). Is this bean getting eagerly injected/applied to a currently created BeanPostProcessor [loadBalancerWebClientBuilderBeanPostProcessor]? Check the corresponding BeanPostProcessor declaration and its dependencies/advisors. If this bean does not have to be post-processed, declare it with ROLE_INFRASTRUCTURE.
2024-11-10T11:14:07.648-08:00  INFO 19160 --- [defence] [           main] o.hibernate.jpa.internal.util.LogHelper  : HHH000204: Processing PersistenceUnitInfo [name: default]
2024-11-10T11:14:07.717-08:00  INFO 19160 --- [defence] [           main] org.hibernate.Version                    : HHH000412: Hibernate ORM core version 6.5.3.Final
2024-11-10T11:14:07.772-08:00  INFO 19160 --- [defence] [           main] o.h.c.internal.RegionFactoryInitiator    : HHH000026: Second-level cache disabled
2024-11-10T11:14:08.131-08:00  INFO 19160 --- [defence] [           main] o.s.o.j.p.SpringPersistenceUnitInfo      : No LoadTimeWeaver setup: ignoring JPA class transformer
2024-11-10T11:14:08.160-08:00  INFO 19160 --- [defence] [           main] com.zaxxer.hikari.HikariDataSource       : HikariPool-1 - Starting...
2024-11-10T11:14:08.331-08:00  INFO 19160 --- [defence] [           main] com.zaxxer.hikari.pool.HikariPool        : HikariPool-1 - Added connection com.mysql.cj.jdbc.ConnectionImpl@1da32baf
2024-11-10T11:14:08.334-08:00  INFO 19160 --- [defence] [           main] com.zaxxer.hikari.HikariDataSource       : HikariPool-1 - Start completed.
2024-11-10T11:14:08.382-08:00  WARN 19160 --- [defence] [           main] org.hibernate.orm.deprecation            : HHH90000025: MySQLDialect does not need to be specified explicitly using 'hibernate.dialect' (remove the property setting and it will be selected by default)
2024-11-10T11:14:09.172-08:00  INFO 19160 --- [defence] [           main] o.h.e.t.j.p.i.JtaPlatformInitiator       : HHH000489: No JTA platform available (set 'hibernate.transaction.jta.platform' to enable JTA platform integration)
2024-11-10T11:14:09.226-08:00  INFO 19160 --- [defence] [           main] j.LocalContainerEntityManagerFactoryBean : Initialized JPA EntityManagerFactory for persistence unit 'default'
2024-11-10T11:14:09.486-08:00  INFO 19160 --- [defence] [           main] o.s.d.j.r.query.QueryEnhancerFactory     : Hibernate is in classpath; If applicable, HQL parser will be used.
2024-11-10T11:14:10.127-08:00  WARN 19160 --- [defence] [           main] JpaBaseConfiguration$JpaWebConfiguration : spring.jpa.open-in-view is enabled by default. Therefore, database queries may be performed during view rendering. Explicitly configure spring.jpa.open-in-view to disable this warning
2024-11-10T11:14:11.562-08:00  INFO 19160 --- [defence] [           main] DiscoveryClientOptionalArgsConfiguration : Eureka HTTP Client uses RestTemplate.
2024-11-10T11:14:11.623-08:00  WARN 19160 --- [defence] [           main] iguration$LoadBalancerCaffeineWarnLogger : Spring Cloud LoadBalancer is currently working with the default cache. While this cache implementation is useful for development and tests, it's recommended to use Caffeine cache in production.You can switch to using Caffeine cache, by adding it and org.springframework.cache.caffeine.CaffeineCacheManager to the classpath.
2024-11-10T11:14:11.635-08:00  INFO 19160 --- [defence] [           main] o.s.b.a.e.web.EndpointLinksResolver      : Exposing 17 endpoints beneath base path '/actuator'
2024-11-10T11:14:11.726-08:00  INFO 19160 --- [defence] [           main] o.s.c.n.eureka.InstanceInfoFactory       : Setting initial instance status as: STARTING
2024-11-10T11:14:11.746-08:00  INFO 19160 --- [defence] [           main] com.netflix.discovery.DiscoveryClient    : Initializing Eureka in region us-east-1
2024-11-10T11:14:11.749-08:00  INFO 19160 --- [defence] [           main] c.n.d.s.r.aws.ConfigClusterResolver      : Resolving eureka endpoints via configuration
2024-11-10T11:14:11.758-08:00  INFO 19160 --- [defence] [           main] com.netflix.discovery.DiscoveryClient    : Disable delta property : false
2024-11-10T11:14:11.759-08:00  INFO 19160 --- [defence] [           main] com.netflix.discovery.DiscoveryClient    : Single vip registry refresh property : null
2024-11-10T11:14:11.759-08:00  INFO 19160 --- [defence] [           main] com.netflix.discovery.DiscoveryClient    : Force full registry fetch : false
2024-11-10T11:14:11.759-08:00  INFO 19160 --- [defence] [           main] com.netflix.discovery.DiscoveryClient    : Application is null : false
2024-11-10T11:14:11.759-08:00  INFO 19160 --- [defence] [           main] com.netflix.discovery.DiscoveryClient    : Registered Applications size is zero : true
2024-11-10T11:14:11.759-08:00  INFO 19160 --- [defence] [           main] com.netflix.discovery.DiscoveryClient    : Application version is -1: true
2024-11-10T11:14:11.759-08:00  INFO 19160 --- [defence] [           main] com.netflix.discovery.DiscoveryClient    : Getting all instance registry info from the eureka server
2024-11-10T11:14:12.149-08:00  INFO 19160 --- [defence] [           main] com.netflix.discovery.DiscoveryClient    : The response status is 200
2024-11-10T11:14:12.152-08:00  INFO 19160 --- [defence] [           main] com.netflix.discovery.DiscoveryClient    : Starting heartbeat executor: renew interval is: 30
2024-11-10T11:14:12.154-08:00  INFO 19160 --- [defence] [           main] c.n.discovery.InstanceInfoReplicator     : InstanceInfoReplicator onDemand update allowed rate per min is 4
2024-11-10T11:14:12.156-08:00  INFO 19160 --- [defence] [           main] com.netflix.discovery.DiscoveryClient    : Discovery Client initialized at timestamp 1731266052154 with initial instances count: 7
2024-11-10T11:14:12.161-08:00  INFO 19160 --- [defence] [           main] o.s.c.n.e.s.EurekaServiceRegistry        : Registering application DEFENCE with eureka with status UP
2024-11-10T11:14:12.161-08:00  INFO 19160 --- [defence] [           main] com.netflix.discovery.DiscoveryClient    : Saw local status change event StatusChangeEvent [timestamp=1731266052161, current=UP, previous=STARTING]
2024-11-10T11:14:12.162-08:00  INFO 19160 --- [defence] [foReplicator-%d] com.netflix.discovery.DiscoveryClient    : DiscoveryClient_DEFENCE/DESKTOP-JEPDIBB:defence:8087: registering service...
2024-11-10T11:14:12.174-08:00  INFO 19160 --- [defence] [           main] com.defence.DefenceApplicationTests      : Started DefenceApplicationTests in 6.765 seconds (process running for 7.649)
2024-11-10T11:14:12.196-08:00  INFO 19160 --- [defence] [foReplicator-%d] com.netflix.discovery.DiscoveryClient    : DiscoveryClient_DEFENCE/DESKTOP-JEPDIBB:defence:8087 - registration status: 204
]]></system-out>
  </testcase>
</testsuite>